0 info it worked if it ends with ok
1 verbose cli [ 'c:\\Program Files\\nodejs\\node.exe',
1 verbose cli   'c:\\Program Files\\nodejs\\node_modules\\npm\\bin\\npm-cli.js',
1 verbose cli   'publish' ]
2 info using npm@2.5.1
3 info using node@v0.12.0
4 verbose publish [ '.' ]
5 silly cache add args [ '.', null ]
6 verbose cache add spec .
7 silly cache add parsed spec { raw: '.',
7 silly cache add   scope: null,
7 silly cache add   name: null,
7 silly cache add   rawSpec: '.',
7 silly cache add   spec: 'c:\\Users\\Affy\\dev\\www\\tiny',
7 silly cache add   type: 'directory' }
8 verbose addLocalDirectory C:\Users\Affy\AppData\Roaming\npm-cache\Tiny\0.1.0\package.tgz not in flight; packing
9 verbose tar pack [ 'C:\\Users\\Affy\\AppData\\Roaming\\npm-cache\\Tiny\\0.1.0\\package.tgz',
9 verbose tar pack   'c:\\Users\\Affy\\dev\\www\\tiny' ]
10 verbose tarball C:\Users\Affy\AppData\Roaming\npm-cache\Tiny\0.1.0\package.tgz
11 verbose folder c:\Users\Affy\dev\www\tiny
12 info prepublish Tiny@0.1.0
13 verbose addLocalTarball adding from inside cache C:\Users\Affy\AppData\Roaming\npm-cache\Tiny\0.1.0\package.tgz
14 silly cache afterAdd Tiny@0.1.0
15 verbose afterAdd C:\Users\Affy\AppData\Roaming\npm-cache\Tiny\0.1.0\package\package.json not in flight; writing
16 verbose afterAdd C:\Users\Affy\AppData\Roaming\npm-cache\Tiny\0.1.0\package\package.json written
17 silly publish { name: 'Tiny',
17 silly publish   version: '0.1.0',
17 silly publish   description: 'Tiny Javascript Frontend Framework',
17 silly publish   directories: { example: 'example' },
17 silly publish   dependencies: { jquery: '^2.1.3' },
17 silly publish   devDependencies:
17 silly publish    { 'gulp-coffee': '^2.3.1',
17 silly publish      'gulp-concat': '^2.5.2',
17 silly publish      gulp: '^3.8.11',
17 silly publish      'gulp-order': '^1.1.1' },
17 silly publish   scripts: { test: 'echo "Error: no test specified" && exit 1' },
17 silly publish   repository: { type: 'git', url: 'https://github.com/afflicto/Tiny' },
17 silly publish   keywords: [ 'javascript', 'coffeescript', 'mvc', 'spa' ],
17 silly publish   author: { name: 'Petter Thowsen' },
17 silly publish   license: 'MIT',
17 silly publish   bugs: { url: 'https://github.com/afflicto/Tiny/issues' },
17 silly publish   homepage: 'https://github.com/afflicto/Tiny',
17 silly publish   readme: 'ERROR: No README data found!',
17 silly publish   _id: 'Tiny@0.1.0',
17 silly publish   _shasum: '3ba50ece413c256c89b9d9e8800cb2e4471866e2',
17 silly publish   _from: '.' }
18 silly mapToRegistry name Tiny
19 silly mapToRegistry using default registry
20 silly mapToRegistry registry https://registry.npmjs.org/
21 silly mapToRegistry uri https://registry.npmjs.org/Tiny
22 verbose publish registryBase https://registry.npmjs.org/
23 silly publish uploading C:\Users\Affy\AppData\Roaming\npm-cache\Tiny\0.1.0\package.tgz
24 verbose stack Error: Invalid name: "Tiny"
24 verbose stack     at ensureValidName (c:\Program Files\nodejs\node_modules\npm\node_modules\normalize-package-data\lib\fixer.js:322:15)
24 verbose stack     at Object.module.exports.fixNameField (c:\Program Files\nodejs\node_modules\npm\node_modules\normalize-package-data\lib\fixer.js:211:5)
24 verbose stack     at CachingRegistryClient.publish (c:\Program Files\nodejs\node_modules\npm\node_modules\npm-registry-client\lib\publish.js:41:11)
24 verbose stack     at c:\Program Files\nodejs\node_modules\npm\lib\publish.js:135:14
24 verbose stack     at mapToRegistry (c:\Program Files\nodejs\node_modules\npm\lib\utils\map-to-registry.js:55:3)
24 verbose stack     at publish_ (c:\Program Files\nodejs\node_modules\npm\lib\publish.js:105:3)
24 verbose stack     at Array.<anonymous> (c:\Program Files\nodejs\node_modules\npm\node_modules\slide\lib\bind-actor.js:15:8)
24 verbose stack     at LOOP (c:\Program Files\nodejs\node_modules\npm\node_modules\slide\lib\chain.js:15:14)
24 verbose stack     at LOOP (c:\Program Files\nodejs\node_modules\npm\node_modules\slide\lib\chain.js:14:28)
24 verbose stack     at chain (c:\Program Files\nodejs\node_modules\npm\node_modules\slide\lib\chain.js:20:5)
25 verbose cwd c:\Users\Affy\dev\www\tiny
26 error Windows_NT 6.3.9600
27 error argv "c:\\Program Files\\nodejs\\node.exe" "c:\\Program Files\\nodejs\\node_modules\\npm\\bin\\npm-cli.js" "publish"
28 error node v0.12.0
29 error npm  v2.5.1
30 error Invalid name: "Tiny"
31 error If you need help, you may report this error at:
31 error     <http://github.com/npm/npm/issues>
32 verbose exit [ 1, true ]
